<?xml version="1.0" encoding="UTF-8"?>
<testsuite name="com.ibm.ingest.ingest_app2.AppTest" time="0.002" tests="1" errors="0" skipped="0" failures="0">
  <properties>
    <property name="java.vendor" value="IBM Corporation"/>
    <property name="sun.java.launcher" value="SUN_STANDARD"/>
    <property name="os.name" value="Linux"/>
    <property name="sun.boot.class.path" value="/usr/lib/j2sdk1.7-ibm/jre/lib/amd64/compressedrefs/jclSC170/vm.jar:/usr/lib/j2sdk1.7-ibm/jre/lib/se-service.jar:/usr/lib/j2sdk1.7-ibm/jre/lib/math.jar:/usr/lib/j2sdk1.7-ibm/jre/lib/jlm.jar:/usr/lib/j2sdk1.7-ibm/jre/lib/ibmorb.jar:/usr/lib/j2sdk1.7-ibm/jre/lib/ibmorbapi.jar:/usr/lib/j2sdk1.7-ibm/jre/lib/ibmcfw.jar:/usr/lib/j2sdk1.7-ibm/jre/lib/ibmpkcs.jar:/usr/lib/j2sdk1.7-ibm/jre/lib/ibmcertpathfw.jar:/usr/lib/j2sdk1.7-ibm/jre/lib/ibmjgssfw.jar:/usr/lib/j2sdk1.7-ibm/jre/lib/ibmjssefw.jar:/usr/lib/j2sdk1.7-ibm/jre/lib/ibmsaslfw.jar:/usr/lib/j2sdk1.7-ibm/jre/lib/ibmjcefw.jar:/usr/lib/j2sdk1.7-ibm/jre/lib/ibmjgssprovider.jar:/usr/lib/j2sdk1.7-ibm/jre/lib/ibmjsseprovider2.jar:/usr/lib/j2sdk1.7-ibm/jre/lib/ibmcertpathprovider.jar:/usr/lib/j2sdk1.7-ibm/jre/lib/xmldsigfw.jar:/usr/lib/j2sdk1.7-ibm/jre/lib/xml.jar:/usr/lib/j2sdk1.7-ibm/jre/lib/charsets.jar:/usr/lib/j2sdk1.7-ibm/jre/lib/resources.jar:/usr/lib/j2sdk1.7-ibm/jre/lib/rt.jar:/usr/lib/j2sdk1.7-ibm/jre/lib/ibmgpu.jar"/>
    <property name="sun.desktop" value="gnome"/>
    <property name="java.vm.specification.vendor" value="Oracle Corporation"/>
    <property name="java.runtime.version" value="pxa6470sr9fp40-20160422_01 (SR9 FP40)"/>
    <property name="user.name" value="jkwong"/>
    <property name="java.compiler" value="j9jit26"/>
    <property name="os.encoding" value="UTF-8"/>
    <property name="guice.disable.misplaced.annotation.check" value="true"/>
    <property name="com.ibm.util.extralibs.properties" value=""/>
    <property name="com.ibm.jcl.checkClassPath" value=""/>
    <property name="user.language" value="en"/>
    <property name="com.ibm.oti.vm.bootstrap.library.path" value="/usr/lib/j2sdk1.7-ibm/jre/lib/amd64/compressedrefs:/usr/lib/j2sdk1.7-ibm/jre/lib/amd64"/>
    <property name="sun.boot.library.path" value="/usr/lib/j2sdk1.7-ibm/jre/lib/amd64/compressedrefs:/usr/lib/j2sdk1.7-ibm/jre/lib/amd64"/>
    <property name="classworlds.conf" value="/usr/share/maven/bin/m2.conf"/>
    <property name="java.version" value="1.7.0"/>
    <property name="user.timezone" value="America/Toronto"/>
    <property name="com.ibm.system.agent.path" value="/usr/lib/j2sdk1.7-ibm/jre/lib/amd64"/>
    <property name="sun.arch.data.model" value="64"/>
    <property name="com.ibm.zero.version" value="2"/>
    <property name="java.endorsed.dirs" value="/usr/lib/j2sdk1.7-ibm/jre/lib/endorsed"/>
    <property name="com.ibm.oti.vm.library.version" value="26"/>
    <property name="sun.jnu.encoding" value="UTF-8"/>
    <property name="file.encoding.pkg" value="sun.io"/>
    <property name="jxe.current.romimage.version" value="17"/>
    <property name="file.separator" value="/"/>
    <property name="java.specification.name" value="Java Platform API Specification"/>
    <property name="java.class.version" value="51.0"/>
    <property name="user.country" value="CA"/>
    <property name="securerandom.source" value="file:/dev/./urandom"/>
    <property name="java.home" value="/usr/lib/j2sdk1.7-ibm/jre"/>
    <property name="java.vm.info" value="JRE 1.7.0 Linux amd64-64 Compressed References 20160406_298397 (JIT enabled, AOT enabled)&#10;J9VM - R26_Java726_SR9_20160406_0949_B298397&#10;JIT  - tr.r11_20160328_114192&#10;GC   - R26_Java726_SR9_20160406_0949_B298397_CMPRSS&#10;J9CL - 20160406_298397"/>
    <property name="os.version" value="4.4.0-28-generic"/>
    <property name="java.awt.fonts" value=""/>
    <property name="path.separator" value=":"/>
    <property name="java.vm.version" value="2.6"/>
    <property name="java.util.prefs.PreferencesFactory" value="java.util.prefs.FileSystemPreferencesFactory"/>
    <property name="user.variant" value=""/>
    <property name="java.awt.printerjob" value="sun.print.PSPrinterJob"/>
    <property name="sun.io.unicode.encoding" value="UnicodeLittle"/>
    <property name="awt.toolkit" value="sun.awt.X11.XToolkit"/>
    <property name="ibm.signalhandling.sigint" value="true"/>
    <property name="user.home" value="/home/jkwong"/>
    <property name="com.ibm.cpu.endian" value="little"/>
    <property name="java.specification.vendor" value="Oracle Corporation"/>
    <property name="ibm.signalhandling.sigchain" value="true"/>
    <property name="java.library.path" value="/usr/lib/j2sdk1.7-ibm/jre/lib/amd64/compressedrefs:/usr/lib/j2sdk1.7-ibm/jre/lib/amd64:/usr/lib"/>
    <property name="java.vendor.url" value="http://www.ibm.com/"/>
    <property name="java.vm.vendor" value="IBM Corporation"/>
    <property name="java.fullversion" value="JRE 1.7.0 IBM J9 2.6 Linux amd64-64 Compressed References 20160406_298397 (JIT enabled, AOT enabled)&#10;J9VM - R26_Java726_SR9_20160406_0949_B298397&#10;JIT  - tr.r11_20160328_114192&#10;GC   - R26_Java726_SR9_20160406_0949_B298397_CMPRSS&#10;J9CL - 20160406_298397"/>
    <property name="maven.home" value="/usr/share/maven"/>
    <property name="java.runtime.name" value="Java(TM) SE Runtime Environment"/>
    <property name="sun.java.command" value="org.codehaus.plexus.classworlds.launcher.Launcher clean package"/>
    <property name="java.class.path" value="/usr/share/maven/boot/plexus-classworlds-2.x.jar"/>
    <property name="java.vm.specification.name" value="Java Virtual Machine Specification"/>
    <property name="sun.java.launcher.pid" value="5009"/>
    <property name="java.vm.specification.version" value="1.7"/>
    <property name="sun.cpu.endian" value="little"/>
    <property name="java.io.tmpdir" value="/tmp"/>
    <property name="maven.multiModuleProjectDirectory" value="/home/jkwong/workspace_case/ingest-app-console"/>
    <property name="ibm.system.encoding" value="UTF-8"/>
    <property name="os.arch" value="amd64"/>
    <property name="java.awt.graphicsenv" value="sun.awt.X11GraphicsEnvironment"/>
    <property name="ibm.signalhandling.rs" value="false"/>
    <property name="java.ext.dirs" value="/usr/lib/j2sdk1.7-ibm/jre/lib/ext"/>
    <property name="user.dir" value="/home/jkwong/workspace_case/ingest-app-console"/>
    <property name="line.separator" value="&#10;"/>
    <property name="java.vm.name" value="IBM J9 VM"/>
    <property name="com.ibm.oti.shared.enabled" value="false"/>
    <property name="com.ibm.vm.bitmode" value="64"/>
    <property name="jxe.lowest.romimage.version" value="17"/>
    <property name="file.encoding" value="UTF-8"/>
    <property name="com.ibm.oti.configuration" value="scar"/>
    <property name="java.specification.version" value="1.7"/>
    <property name="com.ibm.oti.jcl.build" value="20160406_298397"/>
  </properties>
  <testcase name="testApp" classname="com.ibm.ingest.ingest_app2.AppTest" time="0.002"/>
</testsuite>